\BOOKMARK [1][-]{section.1}{Induction}{}% 1
\BOOKMARK [2][-]{subsection.1.1}{Definition and Examples}{section.1}% 2
\BOOKMARK [2][-]{subsection.1.2}{Towers of Hanoi and thinking recursively}{section.1}% 3
\BOOKMARK [1][-]{section.2}{Asymptotics and Recurrences}{}% 4
\BOOKMARK [2][-]{subsection.2.1}{Math Review}{section.2}% 5
\BOOKMARK [2][-]{subsection.2.2}{Asymptotics Analysis}{section.2}% 6
\BOOKMARK [3][-]{subsubsection.2.2.1}{Big O notation}{subsection.2.2}% 7
\BOOKMARK [3][-]{subsubsection.2.2.2}{Properties of Big O}{subsection.2.2}% 8
\BOOKMARK [3][-]{subsubsection.2.2.3}{Time Complexity Comparison}{subsection.2.2}% 9
\BOOKMARK [2][-]{subsection.2.3}{Algorithm \040Recurrence}{section.2}% 10
\BOOKMARK [3][-]{subsubsection.2.3.1}{Fibbonacci Sequence}{subsection.2.3}% 11
\BOOKMARK [3][-]{subsubsection.2.3.2}{Merge Sort}{subsection.2.3}% 12
\BOOKMARK [3][-]{subsubsection.2.3.3}{Randomized Algorithms}{subsection.2.3}% 13
\BOOKMARK [2][-]{subsection.2.4}{Solving Recurrences}{section.2}% 14
\BOOKMARK [3][-]{subsubsection.2.4.1}{Basic Recurrences}{subsection.2.4}% 15
\BOOKMARK [3][-]{subsubsection.2.4.2}{Changing the Leaf Level}{subsection.2.4}% 16
\BOOKMARK [3][-]{subsubsection.2.4.3}{Multiple Decay Rates}{subsection.2.4}% 17
\BOOKMARK [3][-]{subsubsection.2.4.4}{Strange Decay Rates}{subsection.2.4}% 18
\BOOKMARK [1][-]{section.3}{Dynamic Programming}{}% 19
\BOOKMARK [2][-]{subsection.3.1}{Memoization through Fibbonacci}{section.3}% 20
\BOOKMARK [2][-]{subsection.3.2}{Greatest Common Subsequence}{section.3}% 21
\BOOKMARK [1][-]{section.4}{Figures}{}% 22
\BOOKMARK [2][-]{subsection.4.1}{Common Time Complexities}{section.4}% 23
\BOOKMARK [2][-]{subsection.4.2}{Fibbonacci Overlapping Subproblems}{section.4}% 24
